<?xml version="1.0" encoding="UTF-8"?>
<!-- Generated by org.testng.reporters.JUnitReportReporter -->
<testsuite skipped="0" hostname="DESKTOP-534BRGJ" name="com.learnautomation.testCases.LoginTestFB" tests="2" failures="0" timestamp="30 Jul 2019 17:38:34 GMT" time="92.039" errors="0">
  <testcase name="loginApp" time="90.293" classname="com.learnautomation.testCases.LoginTestFB"/>
  <testcase name="logoutApp" time="1.746" classname="com.learnautomation.testCases.LoginTestFB"/>
</testsuite> <!-- com.learnautomation.testCases.LoginTestFB -->
