<?xml version="1.0" encoding="UTF-8"?>
<!-- Generated by org.testng.reporters.JUnitReportReporter -->
<testsuite skipped="0" hostname="DESKTOP-534BRGJ" name="com.learnautomation.testCases.LoginTestFB" tests="2" failures="0" timestamp="01 Aug 2019 19:06:02 GMT" time="114.244" errors="0">
  <testcase name="loginApp" time="113.763" classname="com.learnautomation.testCases.LoginTestFB"/>
  <testcase name="logoutApp" time="0.481" classname="com.learnautomation.testCases.LoginTestFB"/>
</testsuite> <!-- com.learnautomation.testCases.LoginTestFB -->
