<?xml version="1.0" encoding="UTF-8"?>
<!-- Generated by org.testng.reporters.JUnitReportReporter -->
<testsuite skipped="0" hostname="DESKTOP-534BRGJ" name="com.learnautomation.testCases.LoginTestFB" tests="2" failures="0" timestamp="30 Aug 2019 06:53:21 GMT" time="18.848" errors="0">
  <testcase name="loginApp" time="4.941" classname="com.learnautomation.testCases.LoginTestFB"/>
  <testcase name="logoutApp" time="13.907" classname="com.learnautomation.testCases.LoginTestFB"/>
</testsuite> <!-- com.learnautomation.testCases.LoginTestFB -->
